0 info it worked if it ends with ok
1 verbose cli [ 'node',
1 verbose cli   '/usr/local/bin/npm',
1 verbose cli   'install',
1 verbose cli   'backbone-fire',
1 verbose cli   '--save' ]
2 info using npm@2.5.1
3 info using node@v0.12.0
4 warn package.json october-backend@0.0.0 keywords should be an array of strings
5 warn package.json october-backend@0.0.0 homepage field must start with a protocol.
6 silly cache add args [ 'backbone-fire', null ]
7 verbose cache add spec backbone-fire
8 silly cache add parsed spec { raw: 'backbone-fire',
8 silly cache add   scope: null,
8 silly cache add   name: 'backbone-fire',
8 silly cache add   rawSpec: '',
8 silly cache add   spec: '*',
8 silly cache add   type: 'range' }
9 verbose addNamed backbone-fire@*
10 silly addNamed semver.valid null
11 silly addNamed semver.validRange *
12 silly addNameRange { name: 'backbone-fire', range: '*', hasData: false }
13 silly mapToRegistry name backbone-fire
14 silly mapToRegistry using default registry
15 silly mapToRegistry registry https://registry.npmjs.org/
16 silly mapToRegistry uri https://registry.npmjs.org/backbone-fire
17 verbose addNameRange registry:https://registry.npmjs.org/backbone-fire not in flight; fetching
18 verbose request uri https://registry.npmjs.org/backbone-fire
19 verbose request no auth needed
20 info attempt registry request try #1 at 12:53:24 PM
21 verbose request id b5512a9a2a03ccaf
22 http request GET https://registry.npmjs.org/backbone-fire
23 http 404 https://registry.npmjs.org/backbone-fire
24 verbose headers { server: 'CouchDB/1.5.0 (Erlang OTP/R16B03)',
24 verbose headers   'content-type': 'application/json',
24 verbose headers   'cache-control': 'max-age=0',
24 verbose headers   'content-length': '51',
24 verbose headers   'accept-ranges': 'bytes',
24 verbose headers   date: 'Thu, 23 Jul 2015 16:53:21 GMT',
24 verbose headers   via: '1.1 varnish',
24 verbose headers   age: '0',
24 verbose headers   connection: 'keep-alive',
24 verbose headers   'x-served-by': 'cache-jfk1034-JFK',
24 verbose headers   'x-cache': 'MISS',
24 verbose headers   'x-cache-hits': '0',
24 verbose headers   'x-timer': 'S1437670401.364119,VS0,VE91' }
25 silly get cb [ 404,
25 silly get   { server: 'CouchDB/1.5.0 (Erlang OTP/R16B03)',
25 silly get     'content-type': 'application/json',
25 silly get     'cache-control': 'max-age=0',
25 silly get     'content-length': '51',
25 silly get     'accept-ranges': 'bytes',
25 silly get     date: 'Thu, 23 Jul 2015 16:53:21 GMT',
25 silly get     via: '1.1 varnish',
25 silly get     age: '0',
25 silly get     connection: 'keep-alive',
25 silly get     'x-served-by': 'cache-jfk1034-JFK',
25 silly get     'x-cache': 'MISS',
25 silly get     'x-cache-hits': '0',
25 silly get     'x-timer': 'S1437670401.364119,VS0,VE91' } ]
26 verbose stack Error: 404 Not Found: backbone-fire
26 verbose stack     at CachingRegistryClient.<anonymous> (/usr/local/lib/node_modules/npm/node_modules/npm-registry-client/lib/request.js:251:14)
26 verbose stack     at Request._callback (/usr/local/lib/node_modules/npm/node_modules/npm-registry-client/lib/request.js:178:14)
26 verbose stack     at Request.self.callback (/usr/local/lib/node_modules/npm/node_modules/request/request.js:344:22)
26 verbose stack     at Request.emit (events.js:110:17)
26 verbose stack     at Request.<anonymous> (/usr/local/lib/node_modules/npm/node_modules/request/request.js:1239:14)
26 verbose stack     at Request.emit (events.js:129:20)
26 verbose stack     at IncomingMessage.<anonymous> (/usr/local/lib/node_modules/npm/node_modules/request/request.js:1187:12)
26 verbose stack     at IncomingMessage.emit (events.js:129:20)
26 verbose stack     at _stream_readable.js:908:16
26 verbose stack     at process._tickCallback (node.js:355:11)
27 verbose statusCode 404
28 verbose pkgid backbone-fire
29 verbose cwd /Users/jdc/Documents/work/surf
30 error Darwin 14.3.0
31 error argv "node" "/usr/local/bin/npm" "install" "backbone-fire" "--save"
32 error node v0.12.0
33 error npm  v2.5.1
34 error code E404
35 error 404 Not Found: backbone-fire
35 error 404
35 error 404 'backbone-fire' is not in the npm registry.
35 error 404 You should bug the author to publish it (or use the name yourself!)
35 error 404 It was specified as a dependency of 'october-backend'
35 error 404
35 error 404 Note that you can also install from a
35 error 404 tarball, folder, http url, or git url.
36 verbose exit [ 1, true ]
